<?xml version="1.0" encoding="UTF-8"?>
<testng-results ignored="0" total="1" passed="1" failed="0" skipped="0">
  <reporter-output>
  </reporter-output>
  <suite started-at="2021-09-27T22:36:09 MSK" name="Default suite" finished-at="2021-09-27T22:36:09 MSK" duration-ms="85">
    <groups>
    </groups>
    <test started-at="2021-09-27T22:36:09 MSK" name="Default test" finished-at="2021-09-27T22:36:09 MSK" duration-ms="85">
      <class name="test.javacoure.task0.reader.impl.ReaderFromFileImplTest">
        <test-method is-config="true" signature="initialize()[pri:0, instance:test.javacoure.task0.reader.impl.ReaderFromFileImplTest@1a04f701]" started-at="2021-09-27T22:36:09 MSK" name="initialize" finished-at="2021-09-27T22:36:09 MSK" duration-ms="5" status="PASS">
          <reporter-output>
          </reporter-output>
        </test-method> <!-- initialize -->
        <test-method signature="testReadFile(java.lang.String,java.util.List)[pri:0, instance:test.javacoure.task0.reader.impl.ReaderFromFileImplTest@1a04f701]" started-at="2021-09-27T22:36:09 MSK" name="testReadFile" data-provider="readFile" finished-at="2021-09-27T22:36:09 MSK" duration-ms="12" status="PASS">
          <params>
            <param index="0">
              <value>
                <![CDATA[resource\numbers.txt]]>
              </value>
            </param>
            <param index="1">
              <value>
                <![CDATA[[15.6, -0.75, 0]]]>
              </value>
            </param>
          </params>
          <reporter-output>
          </reporter-output>
        </test-method> <!-- testReadFile -->
      </class> <!-- test.javacoure.task0.reader.impl.ReaderFromFileImplTest -->
    </test> <!-- Default test -->
  </suite> <!-- Default suite -->
</testng-results>
